<?xml version="1.0" encoding="UTF-8"?>
<testsuite name="com.bl.UserRegistrationTest" tests="6" skipped="0" failures="0" errors="0" timestamp="2020-09-20T12:14:19" hostname="cspr" time="0.006">
  <properties/>
  <testcase name="givenEmail_WhenMissingCompulsoryPart_ShouldReturnFalse" classname="com.bl.UserRegistrationTest" time="0.002"/>
  <testcase name="givenFirstName_whenShort_shouldReturnFalse" classname="com.bl.UserRegistrationTest" time="0.0"/>
  <testcase name="givenEmail_whenMissingMandotarySymbols_shouldReturnFalse" classname="com.bl.UserRegistrationTest" time="0.0"/>
  <testcase name="givenEmail_whenProper_shouldReturnTrue" classname="com.bl.UserRegistrationTest" time="0.001"/>
  <testcase name="givenFirstName_whenProper_shouldReturnTrue" classname="com.bl.UserRegistrationTest" time="0.0"/>
  <testcase name="givenFirstName_whenStartWithSmallLetters_shouldReturnFalse" classname="com.bl.UserRegistrationTest" time="0.0"/>
  <system-out><![CDATA[]]></system-out>
  <system-err><![CDATA[]]></system-err>
</testsuite>
